The system is: Darwin - 13.3.0 - i386
Compiling the C compiler identification source file "CMakeCCompilerId.c" succeeded.
Compiler: /Library/deal.II-bundle/openmpi-1.6.5/bin/mpicc 
Build flags: 
Id flags: 

The output was:
0


Compilation of the C compiler identification source "CMakeCCompilerId.c" produced "a.out"

The C compiler identification is Clang, found in "/Users/heltai/c++/dealii-sak/build/CMakeFiles/2.8.10.2/CompilerIdC/a.out"

Compiling the CXX compiler identification source file "CMakeCXXCompilerId.cpp" succeeded.
Compiler: /Library/deal.II-bundle/openmpi-1.6.5/bin/mpic++ 
Build flags: 
Id flags: 

The output was:
0


Compilation of the CXX compiler identification source "CMakeCXXCompilerId.cpp" produced "a.out"

The CXX compiler identification is Clang, found in "/Users/heltai/c++/dealii-sak/build/CMakeFiles/2.8.10.2/CompilerIdCXX/a.out"

Determining if the C compiler works passed with the following output:
Change Dir: /Users/heltai/c++/dealii-sak/build/CMakeFiles/CMakeTmp

Run Build Command:/usr/bin/make "cmTryCompileExec1396257141/fast"
/Applications/Xcode.app/Contents/Developer/usr/bin/make -f CMakeFiles/cmTryCompileExec1396257141.dir/build.make CMakeFiles/cmTryCompileExec1396257141.dir/build
"/Applications/CMake 2.8-10.app/Contents/bin/cmake" -E cmake_progress_report /Users/heltai/c++/dealii-sak/build/CMakeFiles/CMakeTmp/CMakeFiles 1
Building C object CMakeFiles/cmTryCompileExec1396257141.dir/testCCompiler.c.o
/Library/deal.II-bundle/openmpi-1.6.5/bin/mpicc    -o CMakeFiles/cmTryCompileExec1396257141.dir/testCCompiler.c.o   -c /Users/heltai/c++/dealii-sak/build/CMakeFiles/CMakeTmp/testCCompiler.c
Linking C executable cmTryCompileExec1396257141
"/Applications/CMake 2.8-10.app/Contents/bin/cmake" -E cmake_link_script CMakeFiles/cmTryCompileExec1396257141.dir/link.txt --verbose=1
/Library/deal.II-bundle/openmpi-1.6.5/bin/mpicc      -Wl,-search_paths_first -Wl,-headerpad_max_install_names   CMakeFiles/cmTryCompileExec1396257141.dir/testCCompiler.c.o  -o cmTryCompileExec1396257141  


Detecting C compiler ABI info compiled with the following output:
Change Dir: /Users/heltai/c++/dealii-sak/build/CMakeFiles/CMakeTmp

Run Build Command:/usr/bin/make "cmTryCompileExec4016571451/fast"
/Applications/Xcode.app/Contents/Developer/usr/bin/make -f CMakeFiles/cmTryCompileExec4016571451.dir/build.make CMakeFiles/cmTryCompileExec4016571451.dir/build
"/Applications/CMake 2.8-10.app/Contents/bin/cmake" -E cmake_progress_report /Users/heltai/c++/dealii-sak/build/CMakeFiles/CMakeTmp/CMakeFiles 1
Building C object CMakeFiles/cmTryCompileExec4016571451.dir/CMakeCCompilerABI.c.o
/Library/deal.II-bundle/openmpi-1.6.5/bin/mpicc    -o CMakeFiles/cmTryCompileExec4016571451.dir/CMakeCCompilerABI.c.o   -c "/Applications/CMake 2.8-10.app/Contents/share/cmake-2.8/Modules/CMakeCCompilerABI.c"
Linking C executable cmTryCompileExec4016571451
"/Applications/CMake 2.8-10.app/Contents/bin/cmake" -E cmake_link_script CMakeFiles/cmTryCompileExec4016571451.dir/link.txt --verbose=1
/Library/deal.II-bundle/openmpi-1.6.5/bin/mpicc      -Wl,-search_paths_first -Wl,-headerpad_max_install_names -v CMakeFiles/cmTryCompileExec4016571451.dir/CMakeCCompilerABI.c.o  -o cmTryCompileExec4016571451   
Apple LLVM version 5.1 (clang-503.0.40) (based on LLVM 3.4svn)
Target: x86_64-apple-darwin13.3.0
Thread model: posix
 "/Applications/Xcode.app/Contents/Developer/Toolchains/XcodeDefault.xctoolchain/usr/bin/ld" -demangle -dynamic -arch x86_64 -macosx_version_min 10.9.0 -o cmTryCompileExec4016571451 -L/Library/deal.II-bundle/openmpi-1.6.5/lib -search_paths_first -headerpad_max_install_names CMakeFiles/cmTryCompileExec4016571451.dir/CMakeCCompilerABI.c.o -lmpi -lm -lSystem /Applications/Xcode.app/Contents/Developer/Toolchains/XcodeDefault.xctoolchain/usr/bin/../lib/clang/5.1/lib/darwin/libclang_rt.osx.a


Parsed C implicit link information from above output:
  link line regex: [^( *|.*[/\])(ld|ld|collect2)[^/\]*( |$)]
  ignore line: [Change Dir: /Users/heltai/c++/dealii-sak/build/CMakeFiles/CMakeTmp]
  ignore line: []
  ignore line: [Run Build Command:/usr/bin/make "cmTryCompileExec4016571451/fast"]
  ignore line: [/Applications/Xcode.app/Contents/Developer/usr/bin/make -f CMakeFiles/cmTryCompileExec4016571451.dir/build.make CMakeFiles/cmTryCompileExec4016571451.dir/build]
  ignore line: ["/Applications/CMake 2.8-10.app/Contents/bin/cmake" -E cmake_progress_report /Users/heltai/c++/dealii-sak/build/CMakeFiles/CMakeTmp/CMakeFiles 1]
  ignore line: [Building C object CMakeFiles/cmTryCompileExec4016571451.dir/CMakeCCompilerABI.c.o]
  ignore line: [/Library/deal.II-bundle/openmpi-1.6.5/bin/mpicc    -o CMakeFiles/cmTryCompileExec4016571451.dir/CMakeCCompilerABI.c.o   -c "/Applications/CMake 2.8-10.app/Contents/share/cmake-2.8/Modules/CMakeCCompilerABI.c"]
  ignore line: [Linking C executable cmTryCompileExec4016571451]
  ignore line: ["/Applications/CMake 2.8-10.app/Contents/bin/cmake" -E cmake_link_script CMakeFiles/cmTryCompileExec4016571451.dir/link.txt --verbose=1]
  ignore line: [/Library/deal.II-bundle/openmpi-1.6.5/bin/mpicc      -Wl,-search_paths_first -Wl,-headerpad_max_install_names -v CMakeFiles/cmTryCompileExec4016571451.dir/CMakeCCompilerABI.c.o  -o cmTryCompileExec4016571451   ]
  ignore line: [Apple LLVM version 5.1 (clang-503.0.40) (based on LLVM 3.4svn)]
  ignore line: [Target: x86_64-apple-darwin13.3.0]
  ignore line: [Thread model: posix]
  link line: [ "/Applications/Xcode.app/Contents/Developer/Toolchains/XcodeDefault.xctoolchain/usr/bin/ld" -demangle -dynamic -arch x86_64 -macosx_version_min 10.9.0 -o cmTryCompileExec4016571451 -L/Library/deal.II-bundle/openmpi-1.6.5/lib -search_paths_first -headerpad_max_install_names CMakeFiles/cmTryCompileExec4016571451.dir/CMakeCCompilerABI.c.o -lmpi -lm -lSystem /Applications/Xcode.app/Contents/Developer/Toolchains/XcodeDefault.xctoolchain/usr/bin/../lib/clang/5.1/lib/darwin/libclang_rt.osx.a]
    arg [/Applications/Xcode.app/Contents/Developer/Toolchains/XcodeDefault.xctoolchain/usr/bin/ld] ==> ignore
    arg [-demangle] ==> ignore
    arg [-dynamic] ==> ignore
    arg [-arch] ==> ignore
    arg [x86_64] ==> ignore
    arg [-macosx_version_min] ==> ignore
    arg [10.9.0] ==> ignore
    arg [-o] ==> ignore
    arg [cmTryCompileExec4016571451] ==> ignore
    arg [-L/Library/deal.II-bundle/openmpi-1.6.5/lib] ==> dir [/Library/deal.II-bundle/openmpi-1.6.5/lib]
    arg [-search_paths_first] ==> ignore
    arg [-headerpad_max_install_names] ==> ignore
    arg [CMakeFiles/cmTryCompileExec4016571451.dir/CMakeCCompilerABI.c.o] ==> ignore
    arg [-lmpi] ==> lib [mpi]
    arg [-lm] ==> lib [m]
    arg [-lSystem] ==> lib [System]
    arg [/Applications/Xcode.app/Contents/Developer/Toolchains/XcodeDefault.xctoolchain/usr/bin/../lib/clang/5.1/lib/darwin/libclang_rt.osx.a] ==> lib [/Applications/Xcode.app/Contents/Developer/Toolchains/XcodeDefault.xctoolchain/usr/bin/../lib/clang/5.1/lib/darwin/libclang_rt.osx.a]
  remove lib [System]
  collapse dir [/Library/deal.II-bundle/openmpi-1.6.5/lib] ==> [/Library/deal.II-bundle/openmpi-1.6.5/lib]
  implicit libs: [mpi;m;/Applications/Xcode.app/Contents/Developer/Toolchains/XcodeDefault.xctoolchain/usr/bin/../lib/clang/5.1/lib/darwin/libclang_rt.osx.a]
  implicit dirs: [/Library/deal.II-bundle/openmpi-1.6.5/lib]


Determining if the CXX compiler works passed with the following output:
Change Dir: /Users/heltai/c++/dealii-sak/build/CMakeFiles/CMakeTmp

Run Build Command:/usr/bin/make "cmTryCompileExec3008325097/fast"
/Applications/Xcode.app/Contents/Developer/usr/bin/make -f CMakeFiles/cmTryCompileExec3008325097.dir/build.make CMakeFiles/cmTryCompileExec3008325097.dir/build
"/Applications/CMake 2.8-10.app/Contents/bin/cmake" -E cmake_progress_report /Users/heltai/c++/dealii-sak/build/CMakeFiles/CMakeTmp/CMakeFiles 1
Building CXX object CMakeFiles/cmTryCompileExec3008325097.dir/testCXXCompiler.cxx.o
/Library/deal.II-bundle/openmpi-1.6.5/bin/mpic++     -o CMakeFiles/cmTryCompileExec3008325097.dir/testCXXCompiler.cxx.o -c /Users/heltai/c++/dealii-sak/build/CMakeFiles/CMakeTmp/testCXXCompiler.cxx
Linking CXX executable cmTryCompileExec3008325097
"/Applications/CMake 2.8-10.app/Contents/bin/cmake" -E cmake_link_script CMakeFiles/cmTryCompileExec3008325097.dir/link.txt --verbose=1
/Library/deal.II-bundle/openmpi-1.6.5/bin/mpic++       -Wl,-search_paths_first -Wl,-headerpad_max_install_names   CMakeFiles/cmTryCompileExec3008325097.dir/testCXXCompiler.cxx.o  -o cmTryCompileExec3008325097  


Detecting CXX compiler ABI info compiled with the following output:
Change Dir: /Users/heltai/c++/dealii-sak/build/CMakeFiles/CMakeTmp

Run Build Command:/usr/bin/make "cmTryCompileExec394942645/fast"
/Applications/Xcode.app/Contents/Developer/usr/bin/make -f CMakeFiles/cmTryCompileExec394942645.dir/build.make CMakeFiles/cmTryCompileExec394942645.dir/build
"/Applications/CMake 2.8-10.app/Contents/bin/cmake" -E cmake_progress_report /Users/heltai/c++/dealii-sak/build/CMakeFiles/CMakeTmp/CMakeFiles 1
Building CXX object CMakeFiles/cmTryCompileExec394942645.dir/CMakeCXXCompilerABI.cpp.o
/Library/deal.II-bundle/openmpi-1.6.5/bin/mpic++     -o CMakeFiles/cmTryCompileExec394942645.dir/CMakeCXXCompilerABI.cpp.o -c "/Applications/CMake 2.8-10.app/Contents/share/cmake-2.8/Modules/CMakeCXXCompilerABI.cpp"
Linking CXX executable cmTryCompileExec394942645
"/Applications/CMake 2.8-10.app/Contents/bin/cmake" -E cmake_link_script CMakeFiles/cmTryCompileExec394942645.dir/link.txt --verbose=1
/Library/deal.II-bundle/openmpi-1.6.5/bin/mpic++       -Wl,-search_paths_first -Wl,-headerpad_max_install_names -v CMakeFiles/cmTryCompileExec394942645.dir/CMakeCXXCompilerABI.cpp.o  -o cmTryCompileExec394942645   
Apple LLVM version 5.1 (clang-503.0.40) (based on LLVM 3.4svn)
Target: x86_64-apple-darwin13.3.0
Thread model: posix
 "/Applications/Xcode.app/Contents/Developer/Toolchains/XcodeDefault.xctoolchain/usr/bin/ld" -demangle -dynamic -arch x86_64 -macosx_version_min 10.9.0 -o cmTryCompileExec394942645 -L/Library/deal.II-bundle/openmpi-1.6.5/lib -search_paths_first -headerpad_max_install_names CMakeFiles/cmTryCompileExec394942645.dir/CMakeCXXCompilerABI.cpp.o -lmpi_cxx -lmpi -lm -lc++ -lSystem /Applications/Xcode.app/Contents/Developer/Toolchains/XcodeDefault.xctoolchain/usr/bin/../lib/clang/5.1/lib/darwin/libclang_rt.osx.a


Parsed CXX implicit link information from above output:
  link line regex: [^( *|.*[/\])(ld|ld|collect2)[^/\]*( |$)]
  ignore line: [Change Dir: /Users/heltai/c++/dealii-sak/build/CMakeFiles/CMakeTmp]
  ignore line: []
  ignore line: [Run Build Command:/usr/bin/make "cmTryCompileExec394942645/fast"]
  ignore line: [/Applications/Xcode.app/Contents/Developer/usr/bin/make -f CMakeFiles/cmTryCompileExec394942645.dir/build.make CMakeFiles/cmTryCompileExec394942645.dir/build]
  ignore line: ["/Applications/CMake 2.8-10.app/Contents/bin/cmake" -E cmake_progress_report /Users/heltai/c++/dealii-sak/build/CMakeFiles/CMakeTmp/CMakeFiles 1]
  ignore line: [Building CXX object CMakeFiles/cmTryCompileExec394942645.dir/CMakeCXXCompilerABI.cpp.o]
  ignore line: [/Library/deal.II-bundle/openmpi-1.6.5/bin/mpic++     -o CMakeFiles/cmTryCompileExec394942645.dir/CMakeCXXCompilerABI.cpp.o -c "/Applications/CMake 2.8-10.app/Contents/share/cmake-2.8/Modules/CMakeCXXCompilerABI.cpp"]
  ignore line: [Linking CXX executable cmTryCompileExec394942645]
  ignore line: ["/Applications/CMake 2.8-10.app/Contents/bin/cmake" -E cmake_link_script CMakeFiles/cmTryCompileExec394942645.dir/link.txt --verbose=1]
  ignore line: [/Library/deal.II-bundle/openmpi-1.6.5/bin/mpic++       -Wl,-search_paths_first -Wl,-headerpad_max_install_names -v CMakeFiles/cmTryCompileExec394942645.dir/CMakeCXXCompilerABI.cpp.o  -o cmTryCompileExec394942645   ]
  ignore line: [Apple LLVM version 5.1 (clang-503.0.40) (based on LLVM 3.4svn)]
  ignore line: [Target: x86_64-apple-darwin13.3.0]
  ignore line: [Thread model: posix]
  link line: [ "/Applications/Xcode.app/Contents/Developer/Toolchains/XcodeDefault.xctoolchain/usr/bin/ld" -demangle -dynamic -arch x86_64 -macosx_version_min 10.9.0 -o cmTryCompileExec394942645 -L/Library/deal.II-bundle/openmpi-1.6.5/lib -search_paths_first -headerpad_max_install_names CMakeFiles/cmTryCompileExec394942645.dir/CMakeCXXCompilerABI.cpp.o -lmpi_cxx -lmpi -lm -lc++ -lSystem /Applications/Xcode.app/Contents/Developer/Toolchains/XcodeDefault.xctoolchain/usr/bin/../lib/clang/5.1/lib/darwin/libclang_rt.osx.a]
    arg [/Applications/Xcode.app/Contents/Developer/Toolchains/XcodeDefault.xctoolchain/usr/bin/ld] ==> ignore
    arg [-demangle] ==> ignore
    arg [-dynamic] ==> ignore
    arg [-arch] ==> ignore
    arg [x86_64] ==> ignore
    arg [-macosx_version_min] ==> ignore
    arg [10.9.0] ==> ignore
    arg [-o] ==> ignore
    arg [cmTryCompileExec394942645] ==> ignore
    arg [-L/Library/deal.II-bundle/openmpi-1.6.5/lib] ==> dir [/Library/deal.II-bundle/openmpi-1.6.5/lib]
    arg [-search_paths_first] ==> ignore
    arg [-headerpad_max_install_names] ==> ignore
    arg [CMakeFiles/cmTryCompileExec394942645.dir/CMakeCXXCompilerABI.cpp.o] ==> ignore
    arg [-lmpi_cxx] ==> lib [mpi_cxx]
    arg [-lmpi] ==> lib [mpi]
    arg [-lm] ==> lib [m]
    arg [-lc++] ==> lib [c++]
    arg [-lSystem] ==> lib [System]
    arg [/Applications/Xcode.app/Contents/Developer/Toolchains/XcodeDefault.xctoolchain/usr/bin/../lib/clang/5.1/lib/darwin/libclang_rt.osx.a] ==> lib [/Applications/Xcode.app/Contents/Developer/Toolchains/XcodeDefault.xctoolchain/usr/bin/../lib/clang/5.1/lib/darwin/libclang_rt.osx.a]
  remove lib [System]
  collapse dir [/Library/deal.II-bundle/openmpi-1.6.5/lib] ==> [/Library/deal.II-bundle/openmpi-1.6.5/lib]
  implicit libs: [mpi_cxx;mpi;m;c++;/Applications/Xcode.app/Contents/Developer/Toolchains/XcodeDefault.xctoolchain/usr/bin/../lib/clang/5.1/lib/darwin/libclang_rt.osx.a]
  implicit dirs: [/Library/deal.II-bundle/openmpi-1.6.5/lib]


